<?xml version="1.0" encoding="UTF-8"?>
<testng-results ignored="0" total="1" passed="1" failed="0" skipped="0">
  <reporter-output>
  </reporter-output>
  <suite started-at="2023-12-12T18:24:58 IST" name="Default suite" finished-at="2023-12-12T18:25:09 IST" duration-ms="11750">
    <groups>
    </groups>
    <test started-at="2023-12-12T18:24:58 IST" name="Default test" finished-at="2023-12-12T18:25:09 IST" duration-ms="11750">
      <class name="com.demo.loginmrs.com.LoginpageTest">
        <test-method is-config="true" signature="initializeExtentReport()[pri:0, instance:com.demo.loginmrs.com.LoginpageTest@45099dd3]" started-at="2023-12-12T18:24:57 IST" name="initializeExtentReport" finished-at="2023-12-12T18:24:58 IST" duration-ms="434" status="PASS">
          <reporter-output>
          </reporter-output>
        </test-method> <!-- initializeExtentReport -->
        <test-method is-config="true" signature="start_browser()[pri:0, instance:com.demo.loginmrs.com.LoginpageTest@45099dd3]" started-at="2023-12-12T18:24:58 IST" name="start_browser" finished-at="2023-12-12T18:25:05 IST" duration-ms="7064" status="PASS">
          <reporter-output>
          </reporter-output>
        </test-method> <!-- start_browser -->
        <test-method signature="test_login(java.lang.String,java.lang.String)[pri:49, instance:com.demo.loginmrs.com.LoginpageTest@45099dd3]" started-at="2023-12-12T18:25:05 IST" name="test_login" data-provider="excelData" finished-at="2023-12-12T18:25:09 IST" duration-ms="3901" status="PASS">
          <params>
            <param index="0">
              <value>
                <![CDATA[admin]]>
              </value>
            </param>
            <param index="1">
              <value>
                <![CDATA[Admin123]]>
              </value>
            </param>
          </params>
          <reporter-output>
          </reporter-output>
        </test-method> <!-- test_login -->
        <test-method is-config="true" signature="close()[pri:0, instance:com.demo.loginmrs.com.LoginpageTest@45099dd3]" started-at="2023-12-12T18:25:09 IST" name="close" finished-at="2023-12-12T18:25:09 IST" duration-ms="114" status="PASS">
          <reporter-output>
          </reporter-output>
        </test-method> <!-- close -->
        <test-method is-config="true" signature="generatereport()[pri:0, instance:com.demo.loginmrs.com.LoginpageTest@45099dd3]" started-at="2023-12-12T18:25:09 IST" name="generatereport" finished-at="2023-12-12T18:25:11 IST" duration-ms="1240" status="PASS">
          <reporter-output>
          </reporter-output>
        </test-method> <!-- generatereport -->
      </class> <!-- com.demo.loginmrs.com.LoginpageTest -->
    </test> <!-- Default test -->
  </suite> <!-- Default suite -->
</testng-results>
